<?xml version="1.0" encoding="UTF-8"?>
<testsuite name="test.pivotal.pal.trackerapi.WelcomeApiTest" tests="1" skipped="0" failures="0" errors="0" timestamp="2018-10-01T22:56:38" hostname="clash" time="0.154">
  <properties/>
  <testcase name="exampleTest" classname="test.pivotal.pal.trackerapi.WelcomeApiTest" time="0.154"/>
  <system-out><![CDATA[16:56:36.592 [Test worker] DEBUG org.springframework.test.context.junit4.SpringJUnit4ClassRunner - SpringJUnit4ClassRunner constructor called with [class test.pivotal.pal.trackerapi.WelcomeApiTest]
16:56:36.598 [Test worker] DEBUG org.springframework.test.context.BootstrapUtils - Instantiating CacheAwareContextLoaderDelegate from class [org.springframework.test.context.cache.DefaultCacheAwareContextLoaderDelegate]
16:56:36.602 [Test worker] DEBUG org.springframework.test.context.BootstrapUtils - Instantiating BootstrapContext using constructor [public org.springframework.test.context.support.DefaultBootstrapContext(java.lang.Class,org.springframework.test.context.CacheAwareContextLoaderDelegate)]
16:56:36.611 [Test worker] DEBUG org.springframework.test.context.BootstrapUtils - Instantiating TestContextBootstrapper for test class [test.pivotal.pal.trackerapi.WelcomeApiTest] from class [org.springframework.boot.test.context.SpringBootTestContextBootstrapper]
16:56:36.618 [Test worker] INFO org.springframework.boot.test.context.SpringBootTestContextBootstrapper - Neither @ContextConfiguration nor @ContextHierarchy found for test class [test.pivotal.pal.trackerapi.WelcomeApiTest], using SpringBootContextLoader
16:56:36.620 [Test worker] DEBUG org.springframework.test.context.support.AbstractContextLoader - Did not detect default resource location for test class [test.pivotal.pal.trackerapi.WelcomeApiTest]: class path resource [test/pivotal/pal/trackerapi/WelcomeApiTest-context.xml] does not exist
16:56:36.620 [Test worker] DEBUG org.springframework.test.context.support.AbstractContextLoader - Did not detect default resource location for test class [test.pivotal.pal.trackerapi.WelcomeApiTest]: class path resource [test/pivotal/pal/trackerapi/WelcomeApiTestContext.groovy] does not exist
16:56:36.620 [Test worker] INFO org.springframework.test.context.support.AbstractContextLoader - Could not detect default resource locations for test class [test.pivotal.pal.trackerapi.WelcomeApiTest]: no resource found for suffixes {-context.xml, Context.groovy}.
16:56:36.643 [Test worker] DEBUG org.springframework.test.context.support.ActiveProfilesUtils - Could not find an 'annotation declaring class' for annotation type [org.springframework.test.context.ActiveProfiles] and class [test.pivotal.pal.trackerapi.WelcomeApiTest]
16:56:36.661 [Test worker] DEBUG org.springframework.boot.test.context.SpringBootTestContextBootstrapper - @TestExecutionListeners is not present for class [test.pivotal.pal.trackerapi.WelcomeApiTest]: using defaults.
16:56:36.665 [Test worker] INFO org.springframework.boot.test.context.SpringBootTestContextBootstrapper - Loaded default TestExecutionListener class names from location [META-INF/spring.factories]: [org.springframework.boot.test.autoconfigure.restdocs.RestDocsTestExecutionListener, org.springframework.boot.test.autoconfigure.web.client.MockRestServiceServerResetTestExecutionListener, org.springframework.boot.test.autoconfigure.web.servlet.MockMvcPrintOnlyOnFailureTestExecutionListener, org.springframework.boot.test.autoconfigure.web.servlet.WebDriverTestExecutionListener, org.springframework.boot.test.mock.mockito.MockitoTestExecutionListener, org.springframework.boot.test.mock.mockito.ResetMocksTestExecutionListener, org.springframework.test.context.web.ServletTestExecutionListener, org.springframework.test.context.support.DirtiesContextBeforeModesTestExecutionListener, org.springframework.test.context.support.DependencyInjectionTestExecutionListener, org.springframework.test.context.support.DirtiesContextTestExecutionListener, org.springframework.test.context.transaction.TransactionalTestExecutionListener, org.springframework.test.context.jdbc.SqlScriptsTestExecutionListener]
16:56:36.671 [Test worker] INFO org.springframework.boot.test.context.SpringBootTestContextBootstrapper - Could not instantiate TestExecutionListener [org.springframework.test.context.transaction.TransactionalTestExecutionListener]. Specify custom listener classes or make the default listener classes (and their required dependencies) available. Offending class: [org/springframework/transaction/TransactionDefinition]
16:56:36.674 [Test worker] INFO org.springframework.boot.test.context.SpringBootTestContextBootstrapper - Could not instantiate TestExecutionListener [org.springframework.test.context.jdbc.SqlScriptsTestExecutionListener]. Specify custom listener classes or make the default listener classes (and their required dependencies) available. Offending class: [org/springframework/transaction/interceptor/TransactionAttribute]
16:56:36.674 [Test worker] INFO org.springframework.boot.test.context.SpringBootTestContextBootstrapper - Using TestExecutionListeners: [org.springframework.test.context.web.ServletTestExecutionListener@3af6af6b, org.springframework.test.context.support.DirtiesContextBeforeModesTestExecutionListener@3e863691, org.springframework.boot.test.autoconfigure.SpringBootDependencyInjectionTestExecutionListener@304e46f5, org.springframework.test.context.support.DirtiesContextTestExecutionListener@72fc5c35, org.springframework.boot.test.autoconfigure.web.servlet.MockMvcPrintOnlyOnFailureTestExecutionListener@7dfe38f6, org.springframework.boot.test.mock.mockito.MockitoTestExecutionListener@7243bb66, org.springframework.boot.test.autoconfigure.web.servlet.WebDriverTestExecutionListener@30783235, org.springframework.boot.test.autoconfigure.web.client.MockRestServiceServerResetTestExecutionListener@2075cdfb, org.springframework.boot.test.mock.mockito.ResetMocksTestExecutionListener@2cc0688b, org.springframework.boot.test.autoconfigure.restdocs.RestDocsTestExecutionListener@43b77efe]
16:56:36.676 [Test worker] DEBUG org.springframework.test.annotation.ProfileValueUtils - Retrieved @ProfileValueSourceConfiguration [null] for test class [test.pivotal.pal.trackerapi.WelcomeApiTest]
16:56:36.676 [Test worker] DEBUG org.springframework.test.annotation.ProfileValueUtils - Retrieved ProfileValueSource type [class org.springframework.test.annotation.SystemProfileValueSource] for class [test.pivotal.pal.trackerapi.WelcomeApiTest]
16:56:36.677 [Test worker] DEBUG org.springframework.test.annotation.ProfileValueUtils - Retrieved @ProfileValueSourceConfiguration [null] for test class [test.pivotal.pal.trackerapi.WelcomeApiTest]
16:56:36.677 [Test worker] DEBUG org.springframework.test.annotation.ProfileValueUtils - Retrieved ProfileValueSource type [class org.springframework.test.annotation.SystemProfileValueSource] for class [test.pivotal.pal.trackerapi.WelcomeApiTest]
16:56:36.679 [Test worker] DEBUG org.springframework.test.context.support.AbstractDirtiesContextTestExecutionListener - Before test class: context [DefaultTestContext@d57187b testClass = WelcomeApiTest, testInstance = [null], testMethod = [null], testException = [null], mergedContextConfiguration = [WebMergedContextConfiguration@7633b6c2 testClass = WelcomeApiTest, locations = '{}', classes = '{class io.pivotal.pal.tracker.PalTrackerApplication, class io.pivotal.pal.tracker.PalTrackerApplication}', contextInitializerClasses = '[]', activeProfiles = '{}', propertySourceLocations = '{}', propertySourceProperties = '{org.springframework.boot.test.context.SpringBootTestContextBootstrapper=true, server.port=0}', contextCustomizers = set[org.springframework.boot.test.autoconfigure.properties.PropertyMappingContextCustomizer@0, org.springframework.boot.test.autoconfigure.web.servlet.WebDriverContextCustomizerFactory$Customizer@43de24a0, org.springframework.boot.test.context.SpringBootTestContextCustomizer@2db87d7f, org.springframework.boot.test.context.filter.ExcludeFilterContextCustomizer@4d70c49c, org.springframework.boot.test.json.DuplicateJsonObjectContextCustomizerFactory$DuplicateJsonObjectContextCustomizer@aa6e3bb, org.springframework.boot.test.mock.mockito.MockitoContextCustomizer@0], resourceBasePath = 'src/main/webapp', contextLoader = 'org.springframework.boot.test.context.SpringBootContextLoader', parent = [null]]], class annotated with @DirtiesContext [false] with mode [null].
16:56:36.680 [Test worker] DEBUG org.springframework.test.annotation.ProfileValueUtils - Retrieved @ProfileValueSourceConfiguration [null] for test class [test.pivotal.pal.trackerapi.WelcomeApiTest]
16:56:36.680 [Test worker] DEBUG org.springframework.test.annotation.ProfileValueUtils - Retrieved ProfileValueSource type [class org.springframework.test.annotation.SystemProfileValueSource] for class [test.pivotal.pal.trackerapi.WelcomeApiTest]
16:56:36.681 [Test worker] DEBUG org.springframework.test.context.support.DependencyInjectionTestExecutionListener - Performing dependency injection for test context [[DefaultTestContext@d57187b testClass = WelcomeApiTest, testInstance = test.pivotal.pal.trackerapi.WelcomeApiTest@6f521f4d, testMethod = [null], testException = [null], mergedContextConfiguration = [WebMergedContextConfiguration@7633b6c2 testClass = WelcomeApiTest, locations = '{}', classes = '{class io.pivotal.pal.tracker.PalTrackerApplication, class io.pivotal.pal.tracker.PalTrackerApplication}', contextInitializerClasses = '[]', activeProfiles = '{}', propertySourceLocations = '{}', propertySourceProperties = '{org.springframework.boot.test.context.SpringBootTestContextBootstrapper=true, server.port=0}', contextCustomizers = set[org.springframework.boot.test.autoconfigure.properties.PropertyMappingContextCustomizer@0, org.springframework.boot.test.autoconfigure.web.servlet.WebDriverContextCustomizerFactory$Customizer@43de24a0, org.springframework.boot.test.context.SpringBootTestContextCustomizer@2db87d7f, org.springframework.boot.test.context.filter.ExcludeFilterContextCustomizer@4d70c49c, org.springframework.boot.test.json.DuplicateJsonObjectContextCustomizerFactory$DuplicateJsonObjectContextCustomizer@aa6e3bb, org.springframework.boot.test.mock.mockito.MockitoContextCustomizer@0], resourceBasePath = 'src/main/webapp', contextLoader = 'org.springframework.boot.test.context.SpringBootContextLoader', parent = [null]]]].
16:56:36.722 [Test worker] DEBUG org.springframework.core.env.StandardEnvironment - Adding [systemProperties] PropertySource with lowest search precedence
16:56:36.723 [Test worker] DEBUG org.springframework.core.env.StandardEnvironment - Adding [systemEnvironment] PropertySource with lowest search precedence
16:56:36.723 [Test worker] DEBUG org.springframework.core.env.StandardEnvironment - Initialized StandardEnvironment with PropertySources [systemProperties,systemEnvironment]
16:56:36.724 [Test worker] DEBUG org.springframework.test.context.support.TestPropertySourceUtils - Adding inlined properties to environment: {spring.jmx.enabled=false, org.springframework.boot.test.context.SpringBootTestContextBootstrapper=true, server.port=0}
16:56:36.724 [Test worker] DEBUG org.springframework.core.env.StandardEnvironment - Adding [Inlined Test Properties] PropertySource with highest search precedence

  .   ____          _            __ _ _
 /\\ / ___'_ __ _ _(_)_ __  __ _ \ \ \ \
( ( )\___ | '_ | '_| | '_ \/ _` | \ \ \ \
 \\/  ___)| |_)| | | | | || (_| |  ) ) ) )
  '  |____| .__|_| |_|_| |_\__, | / / / /
 =========|_|==============|___/=/_/_/_/
 :: Spring Boot ::        (v1.5.4.RELEASE)

2018-10-01 16:56:36.925  INFO 21406 --- [    Test worker] t.pivotal.pal.trackerapi.WelcomeApiTest  : Starting WelcomeApiTest on clash with PID 21406 (started by pal_user in /home/pal_user/workspace/pal-tracker)
2018-10-01 16:56:36.925  INFO 21406 --- [    Test worker] t.pivotal.pal.trackerapi.WelcomeApiTest  : No active profile set, falling back to default profiles: default
2018-10-01 16:56:36.944  INFO 21406 --- [    Test worker] ationConfigEmbeddedWebApplicationContext : Refreshing org.springframework.boot.context.embedded.AnnotationConfigEmbeddedWebApplicationContext@4246a601: startup date [Mon Oct 01 16:56:36 MDT 2018]; root of context hierarchy
2018-10-01 16:56:37.862  INFO 21406 --- [    Test worker] s.b.c.e.t.TomcatEmbeddedServletContainer : Tomcat initialized with port(s): 0 (http)
2018-10-01 16:56:37.874  INFO 21406 --- [    Test worker] o.apache.catalina.core.StandardService   : Starting service [Tomcat]
2018-10-01 16:56:37.875  INFO 21406 --- [    Test worker] org.apache.catalina.core.StandardEngine  : Starting Servlet Engine: Apache Tomcat/8.5.15
2018-10-01 16:56:37.951  INFO 21406 --- [ost-startStop-1] o.a.c.c.C.[Tomcat].[localhost].[/]       : Initializing Spring embedded WebApplicationContext
2018-10-01 16:56:37.951  INFO 21406 --- [ost-startStop-1] o.s.web.context.ContextLoader            : Root WebApplicationContext: initialization completed in 1010 ms
2018-10-01 16:56:38.043  INFO 21406 --- [ost-startStop-1] o.s.b.w.servlet.ServletRegistrationBean  : Mapping servlet: 'dispatcherServlet' to [/]
2018-10-01 16:56:38.049  INFO 21406 --- [ost-startStop-1] o.s.b.w.servlet.FilterRegistrationBean   : Mapping filter: 'characterEncodingFilter' to: [/*]
2018-10-01 16:56:38.050  INFO 21406 --- [ost-startStop-1] o.s.b.w.servlet.FilterRegistrationBean   : Mapping filter: 'hiddenHttpMethodFilter' to: [/*]
2018-10-01 16:56:38.052  INFO 21406 --- [ost-startStop-1] o.s.b.w.servlet.FilterRegistrationBean   : Mapping filter: 'httpPutFormContentFilter' to: [/*]
2018-10-01 16:56:38.052  INFO 21406 --- [ost-startStop-1] o.s.b.w.servlet.FilterRegistrationBean   : Mapping filter: 'requestContextFilter' to: [/*]
2018-10-01 16:56:38.282  INFO 21406 --- [    Test worker] s.w.s.m.m.a.RequestMappingHandlerAdapter : Looking for @ControllerAdvice: org.springframework.boot.context.embedded.AnnotationConfigEmbeddedWebApplicationContext@4246a601: startup date [Mon Oct 01 16:56:36 MDT 2018]; root of context hierarchy
2018-10-01 16:56:38.343  INFO 21406 --- [    Test worker] s.w.s.m.m.a.RequestMappingHandlerMapping : Mapped "{[/env],methods=[GET]}" onto public java.util.Map<java.lang.String, java.lang.String> io.pivotal.pal.tracker.EnvController.getEnv()
2018-10-01 16:56:38.344  INFO 21406 --- [    Test worker] s.w.s.m.m.a.RequestMappingHandlerMapping : Mapped "{[/],methods=[GET]}" onto public java.lang.String io.pivotal.pal.tracker.WelcomeController.sayHello()
2018-10-01 16:56:38.346  INFO 21406 --- [    Test worker] s.w.s.m.m.a.RequestMappingHandlerMapping : Mapped "{[/error],produces=[text/html]}" onto public org.springframework.web.servlet.ModelAndView org.springframework.boot.autoconfigure.web.BasicErrorController.errorHtml(javax.servlet.http.HttpServletRequest,javax.servlet.http.HttpServletResponse)
2018-10-01 16:56:38.347  INFO 21406 --- [    Test worker] s.w.s.m.m.a.RequestMappingHandlerMapping : Mapped "{[/error]}" onto public org.springframework.http.ResponseEntity<java.util.Map<java.lang.String, java.lang.Object>> org.springframework.boot.autoconfigure.web.BasicErrorController.error(javax.servlet.http.HttpServletRequest)
2018-10-01 16:56:38.371  INFO 21406 --- [    Test worker] o.s.w.s.handler.SimpleUrlHandlerMapping  : Mapped URL path [/webjars/**] onto handler of type [class org.springframework.web.servlet.resource.ResourceHttpRequestHandler]
2018-10-01 16:56:38.371  INFO 21406 --- [    Test worker] o.s.w.s.handler.SimpleUrlHandlerMapping  : Mapped URL path [/**] onto handler of type [class org.springframework.web.servlet.resource.ResourceHttpRequestHandler]
2018-10-01 16:56:38.401  INFO 21406 --- [    Test worker] o.s.w.s.handler.SimpleUrlHandlerMapping  : Mapped URL path [/**/favicon.ico] onto handler of type [class org.springframework.web.servlet.resource.ResourceHttpRequestHandler]
2018-10-01 16:56:38.539  INFO 21406 --- [    Test worker] s.b.c.e.t.TomcatEmbeddedServletContainer : Tomcat started on port(s): 38257 (http)
2018-10-01 16:56:38.543  INFO 21406 --- [    Test worker] t.pivotal.pal.trackerapi.WelcomeApiTest  : Started WelcomeApiTest in 1.817 seconds (JVM running for 2.344)
2018-10-01 16:56:38.633  INFO 21406 --- [o-auto-1-exec-1] o.a.c.c.C.[Tomcat].[localhost].[/]       : Initializing Spring FrameworkServlet 'dispatcherServlet'
2018-10-01 16:56:38.633  INFO 21406 --- [o-auto-1-exec-1] o.s.web.servlet.DispatcherServlet        : FrameworkServlet 'dispatcherServlet': initialization started
2018-10-01 16:56:38.644  INFO 21406 --- [o-auto-1-exec-1] o.s.web.servlet.DispatcherServlet        : FrameworkServlet 'dispatcherServlet': initialization completed in 11 ms
]]></system-out>
  <system-err><![CDATA[]]></system-err>
</testsuite>
