<?xml version="1.0" encoding="UTF-8"?>
<testsuite name="test.pivotal.pal.tracker.WelcomeControllerTest" tests="1" skipped="0" failures="0" errors="0" timestamp="2018-10-02T15:31:19" hostname="clash" time="0.0">
  <properties/>
  <testcase name="itSaysHello" classname="test.pivotal.pal.tracker.WelcomeControllerTest" time="0.0"/>
  <system-out><![CDATA[]]></system-out>
  <system-err><![CDATA[]]></system-err>
</testsuite>
